Analysis & Synthesis report for SpaceInvaders
Thu Dec 07 15:27:39 2023
Quartus Prime Version 16.1.0 Build 196 10/24/2016 SJ Lite Edition


---------------------
; Table of Contents ;
---------------------
  1. Legal Notice
  2. Analysis & Synthesis Summary
  3. Analysis & Synthesis Settings
  4. Parallel Compilation
  5. Analysis & Synthesis Source Files Read
  6. Analysis & Synthesis Resource Usage Summary
  7. Analysis & Synthesis Resource Utilization by Entity
  8. State Machine - |SpaceInvaders|player:play|S
  9. Registers Removed During Synthesis
 10. General Register Statistics
 11. Multiplexer Restructuring Statistics (Restructuring Performed)
 12. Parameter Settings for User Entity Instance: player:play
 13. Port Connectivity Checks: "text:words"
 14. Port Connectivity Checks: "player:play"
 15. Post-Synthesis Netlist Statistics for Top Partition
 16. Elapsed Time Per Partition
 17. Analysis & Synthesis Messages
 18. Analysis & Synthesis Suppressed Messages



----------------
; Legal Notice ;
----------------
Copyright (C) 2016  Intel Corporation. All rights reserved.
Your use of Intel Corporation's design tools, logic functions 
and other software and tools, and its AMPP partner logic 
functions, and any output files from any of the foregoing 
(including device programming or simulation files), and any 
associated documentation or information are expressly subject 
to the terms and conditions of the Intel Program License 
Subscription Agreement, the Intel Quartus Prime License Agreement,
the Intel MegaCore Function License Agreement, or other 
applicable license agreement, including, without limitation, 
that your use is for the sole purpose of programming logic 
devices manufactured by Intel and sold by Intel or its 
authorized distributors.  Please refer to the applicable 
agreement for further details.



+----------------------------------------------------------------------------------+
; Analysis & Synthesis Summary                                                     ;
+------------------------------------+---------------------------------------------+
; Analysis & Synthesis Status        ; Successful - Thu Dec 07 15:27:39 2023       ;
; Quartus Prime Version              ; 16.1.0 Build 196 10/24/2016 SJ Lite Edition ;
; Revision Name                      ; SpaceInvaders                               ;
; Top-level Entity Name              ; SpaceInvaders                               ;
; Family                             ; Cyclone IV E                                ;
; Total logic elements               ; 3,071                                       ;
;     Total combinational functions  ; 3,046                                       ;
;     Dedicated logic registers      ; 259                                         ;
; Total registers                    ; 259                                         ;
; Total pins                         ; 33                                          ;
; Total virtual pins                 ; 0                                           ;
; Total memory bits                  ; 0                                           ;
; Embedded Multiplier 9-bit elements ; 0                                           ;
; Total PLLs                         ; 0                                           ;
+------------------------------------+---------------------------------------------+


+----------------------------------------------------------------------------------------------------------------------+
; Analysis & Synthesis Settings                                                                                        ;
+----------------------------------------------------------------------------+--------------------+--------------------+
; Option                                                                     ; Setting            ; Default Value      ;
+----------------------------------------------------------------------------+--------------------+--------------------+
; Device                                                                     ; EP4CE115F29C7      ;                    ;
; Top-level entity name                                                      ; SpaceInvaders      ; SpaceInvaders      ;
; Family name                                                                ; Cyclone IV E       ; Cyclone V          ;
; Use smart compilation                                                      ; Off                ; Off                ;
; Enable parallel Assembler and TimeQuest Timing Analyzer during compilation ; On                 ; On                 ;
; Enable compact report table                                                ; Off                ; Off                ;
; Restructure Multiplexers                                                   ; Auto               ; Auto               ;
; Create Debugging Nodes for IP Cores                                        ; Off                ; Off                ;
; Preserve fewer node names                                                  ; On                 ; On                 ;
; OpenCore Plus hardware evaluation                                          ; Enable             ; Enable             ;
; Verilog Version                                                            ; Verilog_2001       ; Verilog_2001       ;
; VHDL Version                                                               ; VHDL_1993          ; VHDL_1993          ;
; State Machine Processing                                                   ; Auto               ; Auto               ;
; Safe State Machine                                                         ; Off                ; Off                ;
; Extract Verilog State Machines                                             ; On                 ; On                 ;
; Extract VHDL State Machines                                                ; On                 ; On                 ;
; Ignore Verilog initial constructs                                          ; Off                ; Off                ;
; Iteration limit for constant Verilog loops                                 ; 5000               ; 5000               ;
; Iteration limit for non-constant Verilog loops                             ; 250                ; 250                ;
; Add Pass-Through Logic to Inferred RAMs                                    ; On                 ; On                 ;
; Infer RAMs from Raw Logic                                                  ; On                 ; On                 ;
; Parallel Synthesis                                                         ; On                 ; On                 ;
; DSP Block Balancing                                                        ; Auto               ; Auto               ;
; NOT Gate Push-Back                                                         ; On                 ; On                 ;
; Power-Up Don't Care                                                        ; On                 ; On                 ;
; Remove Redundant Logic Cells                                               ; Off                ; Off                ;
; Remove Duplicate Registers                                                 ; On                 ; On                 ;
; Ignore CARRY Buffers                                                       ; Off                ; Off                ;
; Ignore CASCADE Buffers                                                     ; Off                ; Off                ;
; Ignore GLOBAL Buffers                                                      ; Off                ; Off                ;
; Ignore ROW GLOBAL Buffers                                                  ; Off                ; Off                ;
; Ignore LCELL Buffers                                                       ; Off                ; Off                ;
; Ignore SOFT Buffers                                                        ; On                 ; On                 ;
; Limit AHDL Integers to 32 Bits                                             ; Off                ; Off                ;
; Optimization Technique                                                     ; Balanced           ; Balanced           ;
; Carry Chain Length                                                         ; 70                 ; 70                 ;
; Auto Carry Chains                                                          ; On                 ; On                 ;
; Auto Open-Drain Pins                                                       ; On                 ; On                 ;
; Perform WYSIWYG Primitive Resynthesis                                      ; Off                ; Off                ;
; Auto ROM Replacement                                                       ; On                 ; On                 ;
; Auto RAM Replacement                                                       ; On                 ; On                 ;
; Auto DSP Block Replacement                                                 ; On                 ; On                 ;
; Auto Shift Register Replacement                                            ; Auto               ; Auto               ;
; Allow Shift Register Merging across Hierarchies                            ; Auto               ; Auto               ;
; Auto Clock Enable Replacement                                              ; On                 ; On                 ;
; Strict RAM Replacement                                                     ; Off                ; Off                ;
; Allow Synchronous Control Signals                                          ; On                 ; On                 ;
; Force Use of Synchronous Clear Signals                                     ; Off                ; Off                ;
; Auto RAM Block Balancing                                                   ; On                 ; On                 ;
; Auto RAM to Logic Cell Conversion                                          ; Off                ; Off                ;
; Auto Resource Sharing                                                      ; Off                ; Off                ;
; Allow Any RAM Size For Recognition                                         ; Off                ; Off                ;
; Allow Any ROM Size For Recognition                                         ; Off                ; Off                ;
; Allow Any Shift Register Size For Recognition                              ; Off                ; Off                ;
; Use LogicLock Constraints during Resource Balancing                        ; On                 ; On                 ;
; Ignore translate_off and synthesis_off directives                          ; Off                ; Off                ;
; Timing-Driven Synthesis                                                    ; On                 ; On                 ;
; Report Parameter Settings                                                  ; On                 ; On                 ;
; Report Source Assignments                                                  ; On                 ; On                 ;
; Report Connectivity Checks                                                 ; On                 ; On                 ;
; Ignore Maximum Fan-Out Assignments                                         ; Off                ; Off                ;
; Synchronization Register Chain Length                                      ; 2                  ; 2                  ;
; PowerPlay Power Optimization During Synthesis                              ; Normal compilation ; Normal compilation ;
; HDL message level                                                          ; Level2             ; Level2             ;
; Suppress Register Optimization Related Messages                            ; Off                ; Off                ;
; Number of Removed Registers Reported in Synthesis Report                   ; 5000               ; 5000               ;
; Number of Swept Nodes Reported in Synthesis Report                         ; 5000               ; 5000               ;
; Number of Inverted Registers Reported in Synthesis Report                  ; 100                ; 100                ;
; Clock MUX Protection                                                       ; On                 ; On                 ;
; Auto Gated Clock Conversion                                                ; Off                ; Off                ;
; Block Design Naming                                                        ; Auto               ; Auto               ;
; SDC constraint protection                                                  ; Off                ; Off                ;
; Synthesis Effort                                                           ; Auto               ; Auto               ;
; Shift Register Replacement - Allow Asynchronous Clear Signal               ; On                 ; On                 ;
; Pre-Mapping Resynthesis Optimization                                       ; Off                ; Off                ;
; Analysis & Synthesis Message Level                                         ; Medium             ; Medium             ;
; Disable Register Merging Across Hierarchies                                ; Auto               ; Auto               ;
; Resource Aware Inference For Block RAM                                     ; On                 ; On                 ;
+----------------------------------------------------------------------------+--------------------+--------------------+


+------------------------------------------+
; Parallel Compilation                     ;
+----------------------------+-------------+
; Processors                 ; Number      ;
+----------------------------+-------------+
; Number detected on machine ; 8           ;
; Maximum allowed            ; 4           ;
;                            ;             ;
; Average used               ; 1.00        ;
; Maximum used               ; 4           ;
;                            ;             ;
; Usage by Processor         ; % Time Used ;
;     Processor 1            ; 100.0%      ;
;     Processor 2            ;   0.1%      ;
;     Processor 3            ;   0.1%      ;
;     Processor 4            ;   0.1%      ;
+----------------------------+-------------+


+--------------------------------------------------------------------------------------------------------------------------------------------------------------------------+
; Analysis & Synthesis Source Files Read                                                                                                                                   ;
+----------------------------------+-----------------+------------------------+----------------------------------------------------------------------------------+---------+
; File Name with User-Entered Path ; Used in Netlist ; File Type              ; File Name with Absolute Path                                                     ; Library ;
+----------------------------------+-----------------+------------------------+----------------------------------------------------------------------------------+---------+
; SpaceInvaders.v                  ; yes             ; User Verilog HDL File  ; C:/Users/richtecc/Downloads/drive-download-20231207T172004Z-001/SpaceInvaders.v  ;         ;
; VGA_Controller.v                 ; yes             ; User Verilog HDL File  ; C:/Users/richtecc/Downloads/drive-download-20231207T172004Z-001/VGA_Controller.v ;         ;
; clks_converter.v                 ; yes             ; User Verilog HDL File  ; C:/Users/richtecc/Downloads/drive-download-20231207T172004Z-001/clks_converter.v ;         ;
; text.v                           ; yes             ; User Verilog HDL File  ; C:/Users/richtecc/Downloads/drive-download-20231207T172004Z-001/text.v           ;         ;
; player.v                         ; yes             ; User Verilog HDL File  ; C:/Users/richtecc/Downloads/drive-download-20231207T172004Z-001/player.v         ;         ;
+----------------------------------+-----------------+------------------------+----------------------------------------------------------------------------------+---------+


+-------------------------------------------------------------------------+
; Analysis & Synthesis Resource Usage Summary                             ;
+---------------------------------------------+---------------------------+
; Resource                                    ; Usage                     ;
+---------------------------------------------+---------------------------+
; Estimated Total logic elements              ; 3,071                     ;
;                                             ;                           ;
; Total combinational functions               ; 3046                      ;
; Logic element usage by number of LUT inputs ;                           ;
;     -- 4 input functions                    ; 386                       ;
;     -- 3 input functions                    ; 1391                      ;
;     -- <=2 input functions                  ; 1269                      ;
;                                             ;                           ;
; Logic elements by mode                      ;                           ;
;     -- normal mode                          ; 816                       ;
;     -- arithmetic mode                      ; 2230                      ;
;                                             ;                           ;
; Total registers                             ; 259                       ;
;     -- Dedicated logic registers            ; 259                       ;
;     -- I/O registers                        ; 0                         ;
;                                             ;                           ;
; I/O pins                                    ; 33                        ;
;                                             ;                           ;
; Embedded Multiplier 9-bit elements          ; 0                         ;
;                                             ;                           ;
; Maximum fan-out node                        ; clks_converter:clocks|clk ;
; Maximum fan-out                             ; 136                       ;
; Total fan-out                               ; 8926                      ;
; Average fan-out                             ; 2.65                      ;
+---------------------------------------------+---------------------------+


+------------------------------------------------------------------------------------------------------------------------------------------------------------------------------------------------------------------------------+
; Analysis & Synthesis Resource Utilization by Entity                                                                                                                                                                          ;
+----------------------------+---------------------+---------------------------+-------------+--------------+---------+-----------+------+--------------+--------------------------------------+----------------+--------------+
; Compilation Hierarchy Node ; Combinational ALUTs ; Dedicated Logic Registers ; Memory Bits ; DSP Elements ; DSP 9x9 ; DSP 18x18 ; Pins ; Virtual Pins ; Full Hierarchy Name                  ; Entity Name    ; Library Name ;
+----------------------------+---------------------+---------------------------+-------------+--------------+---------+-----------+------+--------------+--------------------------------------+----------------+--------------+
; |SpaceInvaders             ; 3046 (47)           ; 259 (28)                  ; 0           ; 0            ; 0       ; 0         ; 33   ; 0            ; |SpaceInvaders                       ; SpaceInvaders  ; work         ;
;    |VGA_Controller:VGA|    ; 51 (51)             ; 23 (23)                   ; 0           ; 0            ; 0       ; 0         ; 0    ; 0            ; |SpaceInvaders|VGA_Controller:VGA    ; VGA_Controller ; work         ;
;    |clks_converter:clocks| ; 40 (40)             ; 25 (25)                   ; 0           ; 0            ; 0       ; 0         ; 0    ; 0            ; |SpaceInvaders|clks_converter:clocks ; clks_converter ; work         ;
;    |player:play|           ; 2787 (2787)         ; 168 (168)                 ; 0           ; 0            ; 0       ; 0         ; 0    ; 0            ; |SpaceInvaders|player:play           ; player         ; work         ;
;    |text:words|            ; 121 (121)           ; 15 (15)                   ; 0           ; 0            ; 0       ; 0         ; 0    ; 0            ; |SpaceInvaders|text:words            ; text           ; work         ;
+----------------------------+---------------------+---------------------------+-------------+--------------+---------+-----------+------+--------------+--------------------------------------+----------------+--------------+
Note: For table entries with two numbers listed, the numbers in parentheses indicate the number of resources of the given type used by the specific entity alone. The numbers listed outside of parentheses indicate the total resources of the given type used by the specific entity and all of its sub-entities in the hierarchy.


Encoding Type:  One-Hot
+-----------------------------------------------+
; State Machine - |SpaceInvaders|player:play|S  ;
+---------+---------+---------+--------+--------+
; Name    ; S.SHOOT ; S.RIGHT ; S.LEFT ; S.IDLE ;
+---------+---------+---------+--------+--------+
; S.IDLE  ; 0       ; 0       ; 0      ; 0      ;
; S.LEFT  ; 0       ; 0       ; 1      ; 1      ;
; S.RIGHT ; 0       ; 1       ; 0      ; 1      ;
; S.SHOOT ; 1       ; 0       ; 0      ; 1      ;
+---------+---------+---------+--------+--------+


+----------------------------------------------------------------------------------+
; Registers Removed During Synthesis                                               ;
+-----------------------------------------+----------------------------------------+
; Register name                           ; Reason for Removal                     ;
+-----------------------------------------+----------------------------------------+
; text:words|wt_Y[0][8]                   ; Stuck at GND due to stuck port data_in ;
; text:words|wt_Y[0][7]                   ; Stuck at VCC due to stuck port data_in ;
; text:words|wt_Y[0][6]                   ; Stuck at VCC due to stuck port data_in ;
; text:words|wt_Y[0][5]                   ; Stuck at VCC due to stuck port data_in ;
; text:words|wt_Y[0][4]                   ; Stuck at GND due to stuck port data_in ;
; text:words|wt_Y[0][3]                   ; Stuck at GND due to stuck port data_in ;
; text:words|wt_Y[0][2]                   ; Stuck at VCC due to stuck port data_in ;
; text:words|wt_Y[0][1]                   ; Stuck at VCC due to stuck port data_in ;
; text:words|wt_Y[0][0]                   ; Stuck at GND due to stuck port data_in ;
; text:words|wt_X[0][0]                   ; Stuck at GND due to stuck port data_in ;
; text:words|wt_X[0][1]                   ; Stuck at VCC due to stuck port data_in ;
; text:words|wt_X[0][2]                   ; Stuck at VCC due to stuck port data_in ;
; text:words|wt_X[0][3]                   ; Stuck at GND due to stuck port data_in ;
; text:words|wt_X[0][4]                   ; Stuck at GND due to stuck port data_in ;
; text:words|wt_X[0][5]                   ; Stuck at VCC due to stuck port data_in ;
; text:words|wt_X[0][6]                   ; Stuck at VCC due to stuck port data_in ;
; text:words|wt_X[0][7]                   ; Stuck at VCC due to stuck port data_in ;
; text:words|wt_X[0][8]                   ; Stuck at GND due to stuck port data_in ;
; text:words|wt_X[0][9]                   ; Stuck at GND due to stuck port data_in ;
; text:words|game_overY[0][0]             ; Stuck at GND due to stuck port data_in ;
; text:words|game_overY[0][1]             ; Stuck at GND due to stuck port data_in ;
; text:words|game_overY[0][2]             ; Stuck at GND due to stuck port data_in ;
; text:words|game_overY[0][3]             ; Stuck at VCC due to stuck port data_in ;
; text:words|game_overY[0][4]             ; Stuck at GND due to stuck port data_in ;
; text:words|game_overY[0][5]             ; Stuck at GND due to stuck port data_in ;
; text:words|game_overY[0][6]             ; Stuck at VCC due to stuck port data_in ;
; text:words|game_overY[0][7]             ; Stuck at VCC due to stuck port data_in ;
; text:words|game_overY[0][8]             ; Stuck at GND due to stuck port data_in ;
; text:words|game_overX[0][0]             ; Stuck at GND due to stuck port data_in ;
; text:words|game_overX[0][1]             ; Stuck at GND due to stuck port data_in ;
; text:words|game_overX[0][2]             ; Stuck at GND due to stuck port data_in ;
; text:words|game_overX[0][3]             ; Stuck at VCC due to stuck port data_in ;
; text:words|game_overX[0][4]             ; Stuck at GND due to stuck port data_in ;
; text:words|game_overX[0][5]             ; Stuck at GND due to stuck port data_in ;
; text:words|game_overX[0][6]             ; Stuck at VCC due to stuck port data_in ;
; text:words|game_overX[0][7]             ; Stuck at VCC due to stuck port data_in ;
; text:words|game_overX[0][8]             ; Stuck at GND due to stuck port data_in ;
; text:words|game_overX[0][9]             ; Stuck at GND due to stuck port data_in ;
; player:play|alienY7[0][0]               ; Stuck at GND due to stuck port data_in ;
; player:play|alienY6[0][0]               ; Stuck at GND due to stuck port data_in ;
; player:play|alienY5[0][0]               ; Stuck at GND due to stuck port data_in ;
; player:play|alienY4[0][0]               ; Stuck at GND due to stuck port data_in ;
; player:play|alienY3[0][0]               ; Stuck at GND due to stuck port data_in ;
; player:play|alienY2[0][0]               ; Stuck at GND due to stuck port data_in ;
; player:play|alienY1[0][0]               ; Stuck at GND due to stuck port data_in ;
; player:play|alienY0[0][0]               ; Stuck at GND due to stuck port data_in ;
; player:play|playerY[0][0]               ; Stuck at GND due to stuck port data_in ;
; player:play|playerY[0][1]               ; Stuck at GND due to stuck port data_in ;
; player:play|playerY[0][2]               ; Stuck at GND due to stuck port data_in ;
; player:play|playerY[0][3]               ; Stuck at VCC due to stuck port data_in ;
; player:play|playerY[0][4]               ; Stuck at VCC due to stuck port data_in ;
; player:play|playerY[0][5]               ; Stuck at VCC due to stuck port data_in ;
; player:play|playerY[0][6]               ; Stuck at GND due to stuck port data_in ;
; player:play|playerY[0][7]               ; Stuck at VCC due to stuck port data_in ;
; player:play|playerY[0][8]               ; Stuck at VCC due to stuck port data_in ;
; player:play|alienX4[0][9]               ; Merged with player:play|alienX0[0][9]  ;
; player:play|alienX4[0][8]               ; Merged with player:play|alienX0[0][8]  ;
; player:play|alienX4[0][7]               ; Merged with player:play|alienX0[0][7]  ;
; player:play|alienX4[0][6]               ; Merged with player:play|alienX0[0][6]  ;
; player:play|alienX4[0][5]               ; Merged with player:play|alienX0[0][5]  ;
; player:play|alienX4[0][4]               ; Merged with player:play|alienX0[0][4]  ;
; player:play|alienX4[0][3]               ; Merged with player:play|alienX0[0][3]  ;
; player:play|alienX4[0][2]               ; Merged with player:play|alienX0[0][2]  ;
; player:play|alienX4[0][1]               ; Merged with player:play|alienX0[0][1]  ;
; player:play|alienX4[0][0]               ; Merged with player:play|alienX0[0][0]  ;
; player:play|alienY1[0][8]               ; Merged with player:play|alienY0[0][8]  ;
; player:play|alienY2[0][8]               ; Merged with player:play|alienY0[0][8]  ;
; player:play|alienY3[0][8]               ; Merged with player:play|alienY0[0][8]  ;
; player:play|alienY1[0][7]               ; Merged with player:play|alienY0[0][7]  ;
; player:play|alienY2[0][7]               ; Merged with player:play|alienY0[0][7]  ;
; player:play|alienY3[0][7]               ; Merged with player:play|alienY0[0][7]  ;
; player:play|alienY1[0][6]               ; Merged with player:play|alienY0[0][6]  ;
; player:play|alienY2[0][6]               ; Merged with player:play|alienY0[0][6]  ;
; player:play|alienY3[0][6]               ; Merged with player:play|alienY0[0][6]  ;
; player:play|alienY1[0][5]               ; Merged with player:play|alienY0[0][5]  ;
; player:play|alienY2[0][5]               ; Merged with player:play|alienY0[0][5]  ;
; player:play|alienY3[0][5]               ; Merged with player:play|alienY0[0][5]  ;
; player:play|alienY1[0][4]               ; Merged with player:play|alienY0[0][4]  ;
; player:play|alienY2[0][4]               ; Merged with player:play|alienY0[0][4]  ;
; player:play|alienY3[0][4]               ; Merged with player:play|alienY0[0][4]  ;
; player:play|alienY1[0][3]               ; Merged with player:play|alienY0[0][3]  ;
; player:play|alienY2[0][3]               ; Merged with player:play|alienY0[0][3]  ;
; player:play|alienY3[0][3]               ; Merged with player:play|alienY0[0][3]  ;
; player:play|alienY1[0][2]               ; Merged with player:play|alienY0[0][2]  ;
; player:play|alienY2[0][2]               ; Merged with player:play|alienY0[0][2]  ;
; player:play|alienY3[0][2]               ; Merged with player:play|alienY0[0][2]  ;
; player:play|alienY1[0][1]               ; Merged with player:play|alienY0[0][1]  ;
; player:play|alienY2[0][1]               ; Merged with player:play|alienY0[0][1]  ;
; player:play|alienY3[0][1]               ; Merged with player:play|alienY0[0][1]  ;
; player:play|alienX5[0][9]               ; Merged with player:play|alienX1[0][9]  ;
; player:play|alienX5[0][8]               ; Merged with player:play|alienX1[0][8]  ;
; player:play|alienX5[0][7]               ; Merged with player:play|alienX1[0][7]  ;
; player:play|alienX5[0][6]               ; Merged with player:play|alienX1[0][6]  ;
; player:play|alienX5[0][5]               ; Merged with player:play|alienX1[0][5]  ;
; player:play|alienX5[0][4]               ; Merged with player:play|alienX1[0][4]  ;
; player:play|alienX5[0][3]               ; Merged with player:play|alienX1[0][3]  ;
; player:play|alienX5[0][2]               ; Merged with player:play|alienX1[0][2]  ;
; player:play|alienX5[0][1]               ; Merged with player:play|alienX1[0][1]  ;
; player:play|alienX5[0][0]               ; Merged with player:play|alienX1[0][0]  ;
; player:play|alienX6[0][9]               ; Merged with player:play|alienX2[0][9]  ;
; player:play|alienX6[0][8]               ; Merged with player:play|alienX2[0][8]  ;
; player:play|alienX6[0][7]               ; Merged with player:play|alienX2[0][7]  ;
; player:play|alienX6[0][6]               ; Merged with player:play|alienX2[0][6]  ;
; player:play|alienX6[0][5]               ; Merged with player:play|alienX2[0][5]  ;
; player:play|alienX6[0][4]               ; Merged with player:play|alienX2[0][4]  ;
; player:play|alienX6[0][3]               ; Merged with player:play|alienX2[0][3]  ;
; player:play|alienX6[0][2]               ; Merged with player:play|alienX2[0][2]  ;
; player:play|alienX6[0][1]               ; Merged with player:play|alienX2[0][1]  ;
; player:play|alienX6[0][0]               ; Merged with player:play|alienX2[0][0]  ;
; player:play|alienX7[0][9]               ; Merged with player:play|alienX3[0][9]  ;
; player:play|alienX7[0][8]               ; Merged with player:play|alienX3[0][8]  ;
; player:play|alienX7[0][7]               ; Merged with player:play|alienX3[0][7]  ;
; player:play|alienX7[0][6]               ; Merged with player:play|alienX3[0][6]  ;
; player:play|alienX7[0][5]               ; Merged with player:play|alienX3[0][5]  ;
; player:play|alienX7[0][4]               ; Merged with player:play|alienX3[0][4]  ;
; player:play|alienX7[0][3]               ; Merged with player:play|alienX3[0][3]  ;
; player:play|alienX7[0][2]               ; Merged with player:play|alienX3[0][2]  ;
; player:play|alienX7[0][1]               ; Merged with player:play|alienX3[0][1]  ;
; player:play|alienX7[0][0]               ; Merged with player:play|alienX3[0][0]  ;
; player:play|alienY5[0][8]               ; Merged with player:play|alienY4[0][8]  ;
; player:play|alienY6[0][8]               ; Merged with player:play|alienY4[0][8]  ;
; player:play|alienY7[0][8]               ; Merged with player:play|alienY4[0][8]  ;
; player:play|alienY5[0][7]               ; Merged with player:play|alienY4[0][7]  ;
; player:play|alienY6[0][7]               ; Merged with player:play|alienY4[0][7]  ;
; player:play|alienY7[0][7]               ; Merged with player:play|alienY4[0][7]  ;
; player:play|alienY5[0][6]               ; Merged with player:play|alienY4[0][6]  ;
; player:play|alienY6[0][6]               ; Merged with player:play|alienY4[0][6]  ;
; player:play|alienY7[0][6]               ; Merged with player:play|alienY4[0][6]  ;
; player:play|alienY5[0][5]               ; Merged with player:play|alienY4[0][5]  ;
; player:play|alienY6[0][5]               ; Merged with player:play|alienY4[0][5]  ;
; player:play|alienY7[0][5]               ; Merged with player:play|alienY4[0][5]  ;
; player:play|alienY5[0][4]               ; Merged with player:play|alienY4[0][4]  ;
; player:play|alienY6[0][4]               ; Merged with player:play|alienY4[0][4]  ;
; player:play|alienY7[0][4]               ; Merged with player:play|alienY4[0][4]  ;
; player:play|alienY5[0][3]               ; Merged with player:play|alienY4[0][3]  ;
; player:play|alienY6[0][3]               ; Merged with player:play|alienY4[0][3]  ;
; player:play|alienY7[0][3]               ; Merged with player:play|alienY4[0][3]  ;
; player:play|alienY5[0][2]               ; Merged with player:play|alienY4[0][2]  ;
; player:play|alienY6[0][2]               ; Merged with player:play|alienY4[0][2]  ;
; player:play|alienY7[0][2]               ; Merged with player:play|alienY4[0][2]  ;
; player:play|alienY5[0][1]               ; Merged with player:play|alienY4[0][1]  ;
; player:play|alienY6[0][1]               ; Merged with player:play|alienY4[0][1]  ;
; player:play|alienY7[0][1]               ; Merged with player:play|alienY4[0][1]  ;
; player:play|bulletY0[0][0]              ; Stuck at VCC due to stuck port data_in ;
; player:play|S~2                         ; Lost fanout                            ;
; player:play|S~3                         ; Lost fanout                            ;
; Total Number of Removed Registers = 146 ;                                        ;
+-----------------------------------------+----------------------------------------+


+------------------------------------------------------+
; General Register Statistics                          ;
+----------------------------------------------+-------+
; Statistic                                    ; Value ;
+----------------------------------------------+-------+
; Total registers                              ; 259   ;
; Number of registers using Synchronous Clear  ; 39    ;
; Number of registers using Synchronous Load   ; 34    ;
; Number of registers using Asynchronous Clear ; 0     ;
; Number of registers using Asynchronous Load  ; 0     ;
; Number of registers using Clock Enable       ; 159   ;
; Number of registers using Preset             ; 0     ;
+----------------------------------------------+-------+


+---------------------------------------------------------------------------------------------------------------------------------------------------------+
; Multiplexer Restructuring Statistics (Restructuring Performed)                                                                                          ;
+--------------------+-----------+---------------+----------------------+------------------------+------------+-------------------------------------------+
; Multiplexer Inputs ; Bus Width ; Baseline Area ; Area if Restructured ; Saving if Restructured ; Registered ; Example Multiplexer Output                ;
+--------------------+-----------+---------------+----------------------+------------------------+------------+-------------------------------------------+
; 3:1                ; 16 bits   ; 32 LEs        ; 16 LEs               ; 16 LEs                 ; Yes        ; |SpaceInvaders|player:play|alienY0[0][8]  ;
; 3:1                ; 8 bits    ; 16 LEs        ; 8 LEs                ; 8 LEs                  ; Yes        ; |SpaceInvaders|player:play|alienX0[0][1]  ;
; 3:1                ; 10 bits   ; 20 LEs        ; 0 LEs                ; 20 LEs                 ; Yes        ; |SpaceInvaders|player:play|bulletX0[0][7] ;
; 4:1                ; 5 bits    ; 10 LEs        ; 5 LEs                ; 5 LEs                  ; Yes        ; |SpaceInvaders|player:play|bulletY0[0][8] ;
; 6:1                ; 32 bits   ; 128 LEs       ; 96 LEs               ; 32 LEs                 ; Yes        ; |SpaceInvaders|player:play|alienX0[0][6]  ;
; 9:1                ; 5 bits    ; 30 LEs        ; 20 LEs               ; 10 LEs                 ; Yes        ; |SpaceInvaders|player:play|playerX[0][7]  ;
; 9:1                ; 3 bits    ; 18 LEs        ; 12 LEs               ; 6 LEs                  ; Yes        ; |SpaceInvaders|player:play|playerX[0][8]  ;
+--------------------+-----------+---------------+----------------------+------------------------+------------+-------------------------------------------+


+----------------------------------------------------------+
; Parameter Settings for User Entity Instance: player:play ;
+----------------+-------+---------------------------------+
; Parameter Name ; Value ; Type                            ;
+----------------+-------+---------------------------------+
; IDLE           ; 00    ; Unsigned Binary                 ;
; LEFT           ; 01    ; Unsigned Binary                 ;
; RIGHT          ; 10    ; Unsigned Binary                 ;
; SHOOT          ; 11    ; Unsigned Binary                 ;
+----------------+-------+---------------------------------+
Note: In order to hide this table in the UI and the text report file, please set the "Show Parameter Settings in Synthesis Report" option in "Analysis and Synthesis Settings -> More Settings" to "Off".


+------------------------------------------------------------------------------------------------------------------------------------------------+
; Port Connectivity Checks: "text:words"                                                                                                         ;
+-----------------+--------+----------+----------------------------------------------------------------------------------------------------------+
; Port            ; Type   ; Severity ; Details                                                                                                  ;
+-----------------+--------+----------+----------------------------------------------------------------------------------------------------------+
; level_text      ; Output ; Warning  ; Declared by entity but not connected by instance. Logic that only feeds a dangling port will be removed. ;
; level_num0_text ; Output ; Warning  ; Declared by entity but not connected by instance. Logic that only feeds a dangling port will be removed. ;
; level_num1_text ; Output ; Warning  ; Declared by entity but not connected by instance. Logic that only feeds a dangling port will be removed. ;
; level_num2_text ; Output ; Warning  ; Declared by entity but not connected by instance. Logic that only feeds a dangling port will be removed. ;
+-----------------+--------+----------+----------------------------------------------------------------------------------------------------------+


+--------------------------------------------------------------------------------------------------------------------------+
; Port Connectivity Checks: "player:play"                                                                                  ;
+----------------+--------+----------+-------------------------------------------------------------------------------------+
; Port           ; Type   ; Severity ; Details                                                                             ;
+----------------+--------+----------+-------------------------------------------------------------------------------------+
; alien[31..8]   ; Output ; Info     ; Connected to dangling logic. Logic that only feeds a dangling port will be removed. ;
; bullets[31..1] ; Output ; Info     ; Connected to dangling logic. Logic that only feeds a dangling port will be removed. ;
+----------------+--------+----------+-------------------------------------------------------------------------------------+


+-----------------------------------------------------+
; Post-Synthesis Netlist Statistics for Top Partition ;
+-----------------------+-----------------------------+
; Type                  ; Count                       ;
+-----------------------+-----------------------------+
; boundary_port         ; 33                          ;
; cycloneiii_ff         ; 259                         ;
;     ENA               ; 104                         ;
;     ENA SCLR          ; 22                          ;
;     ENA SLD           ; 33                          ;
;     SCLR              ; 17                          ;
;     SLD               ; 1                           ;
;     plain             ; 82                          ;
; cycloneiii_lcell_comb ; 3048                        ;
;     arith             ; 2230                        ;
;         2 data inputs ; 910                         ;
;         3 data inputs ; 1320                        ;
;     normal            ; 818                         ;
;         0 data inputs ; 21                          ;
;         1 data inputs ; 108                         ;
;         2 data inputs ; 232                         ;
;         3 data inputs ; 71                          ;
;         4 data inputs ; 386                         ;
;                       ;                             ;
; Max LUT depth         ; 7.00                        ;
; Average LUT depth     ; 4.29                        ;
+-----------------------+-----------------------------+


+-------------------------------+
; Elapsed Time Per Partition    ;
+----------------+--------------+
; Partition Name ; Elapsed Time ;
+----------------+--------------+
; Top            ; 00:00:02     ;
+----------------+--------------+


+-------------------------------+
; Analysis & Synthesis Messages ;
+-------------------------------+
Info: *******************************************************************
Info: Running Quartus Prime Analysis & Synthesis
    Info: Version 16.1.0 Build 196 10/24/2016 SJ Lite Edition
    Info: Processing started: Thu Dec 07 15:27:27 2023
Info: Command: quartus_map --read_settings_files=on --write_settings_files=off SpaceInvaders -c SpaceInvaders
Warning (18236): Number of processors has not been specified which may cause overloading on shared machines.  Set the global assignment NUM_PARALLEL_PROCESSORS in your QSF to an appropriate value for best performance.
Info (20030): Parallel compilation is enabled and will use 4 of the 4 processors detected
Info (12021): Found 1 design units, including 1 entities, in source file spaceinvaders.v
    Info (12023): Found entity 1: SpaceInvaders File: C:/Users/richtecc/Downloads/drive-download-20231207T172004Z-001/SpaceInvaders.v Line: 1
Info (12021): Found 1 design units, including 1 entities, in source file vga_controller.v
    Info (12023): Found entity 1: VGA_Controller File: C:/Users/richtecc/Downloads/drive-download-20231207T172004Z-001/VGA_Controller.v Line: 1
Info (12021): Found 1 design units, including 1 entities, in source file clks_converter.v
    Info (12023): Found entity 1: clks_converter File: C:/Users/richtecc/Downloads/drive-download-20231207T172004Z-001/clks_converter.v Line: 1
Info (12021): Found 1 design units, including 1 entities, in source file text.v
    Info (12023): Found entity 1: text File: C:/Users/richtecc/Downloads/drive-download-20231207T172004Z-001/text.v Line: 1
Info (12021): Found 1 design units, including 1 entities, in source file player.v
    Info (12023): Found entity 1: player File: C:/Users/richtecc/Downloads/drive-download-20231207T172004Z-001/player.v Line: 1
Info (12021): Found 1 design units, including 1 entities, in source file aliens.v
    Info (12023): Found entity 1: aliens File: C:/Users/richtecc/Downloads/drive-download-20231207T172004Z-001/aliens.v Line: 1
Info (12021): Found 1 design units, including 1 entities, in source file bullet.v
    Info (12023): Found entity 1: bullet File: C:/Users/richtecc/Downloads/drive-download-20231207T172004Z-001/bullet.v Line: 1
Warning (10227): Verilog HDL Port Declaration warning at aliens.v(3): data type declaration for "bullets" declares packed dimensions but the port declaration declaration does not File: C:/Users/richtecc/Downloads/drive-download-20231207T172004Z-001/aliens.v Line: 3
Info (10499): HDL info at aliens.v(2): see declaration for object "bullets" File: C:/Users/richtecc/Downloads/drive-download-20231207T172004Z-001/aliens.v Line: 2
Info (12127): Elaborating entity "SpaceInvaders" for the top level hierarchy
Info (12128): Elaborating entity "clks_converter" for hierarchy "clks_converter:clocks" File: C:/Users/richtecc/Downloads/drive-download-20231207T172004Z-001/SpaceInvaders.v Line: 8
Info (12128): Elaborating entity "player" for hierarchy "player:play" File: C:/Users/richtecc/Downloads/drive-download-20231207T172004Z-001/SpaceInvaders.v Line: 12
Warning (10036): Verilog HDL or VHDL warning at player.v(19): object "isShot" assigned a value but never read File: C:/Users/richtecc/Downloads/drive-download-20231207T172004Z-001/player.v Line: 19
Warning (10230): Verilog HDL assignment warning at player.v(131): truncated value with size 10 to match size of target (9) File: C:/Users/richtecc/Downloads/drive-download-20231207T172004Z-001/player.v Line: 131
Warning (10034): Output port "alien[31..8]" at player.v(11) has no driver File: C:/Users/richtecc/Downloads/drive-download-20231207T172004Z-001/player.v Line: 11
Warning (10034): Output port "bullets[31..1]" at player.v(10) has no driver File: C:/Users/richtecc/Downloads/drive-download-20231207T172004Z-001/player.v Line: 10
Info (12128): Elaborating entity "VGA_Controller" for hierarchy "VGA_Controller:VGA" File: C:/Users/richtecc/Downloads/drive-download-20231207T172004Z-001/SpaceInvaders.v Line: 23
Info (12128): Elaborating entity "text" for hierarchy "text:words" File: C:/Users/richtecc/Downloads/drive-download-20231207T172004Z-001/SpaceInvaders.v Line: 37
Warning (10034): Output port "level_text" at text.v(10) has no driver File: C:/Users/richtecc/Downloads/drive-download-20231207T172004Z-001/text.v Line: 10
Warning (10034): Output port "level_num0_text" at text.v(11) has no driver File: C:/Users/richtecc/Downloads/drive-download-20231207T172004Z-001/text.v Line: 11
Warning (10034): Output port "level_num1_text" at text.v(12) has no driver File: C:/Users/richtecc/Downloads/drive-download-20231207T172004Z-001/text.v Line: 12
Warning (10034): Output port "level_num2_text" at text.v(13) has no driver File: C:/Users/richtecc/Downloads/drive-download-20231207T172004Z-001/text.v Line: 13
Warning (12241): 1 hierarchies have connectivity warnings - see the Connectivity Checks report folder
Info (286030): Timing-Driven Synthesis is running
Info (17049): 2 registers lost all their fanouts during netlist optimizations.
Info (144001): Generated suppressed messages file C:/Users/richtecc/Downloads/drive-download-20231207T172004Z-001/output_files/SpaceInvaders.map.smsg
Info (16010): Generating hard_block partition "hard_block:auto_generated_inst"
    Info (16011): Adding 0 node(s), including 0 DDIO, 0 PLL, 0 transceiver and 0 LCELL
Info (21057): Implemented 3114 device resources after synthesis - the final resource count might be different
    Info (21058): Implemented 5 input pins
    Info (21059): Implemented 28 output pins
    Info (21061): Implemented 3081 logic cells
Info: Quartus Prime Analysis & Synthesis was successful. 0 errors, 11 warnings
    Info: Peak virtual memory: 4779 megabytes
    Info: Processing ended: Thu Dec 07 15:27:39 2023
    Info: Elapsed time: 00:00:12
    Info: Total CPU time (on all processors): 00:00:22


+------------------------------------------+
; Analysis & Synthesis Suppressed Messages ;
+------------------------------------------+
The suppressed messages can be found in C:/Users/richtecc/Downloads/drive-download-20231207T172004Z-001/output_files/SpaceInvaders.map.smsg.


